InnoDB: using atomic writes.
2019-10-15 13:57:21 0 [Note] InnoDB: Mutexes and rw_locks use Windows interlocked functions
2019-10-15 13:57:21 0 [Note] InnoDB: Uses event mutexes
2019-10-15 13:57:21 0 [Note] InnoDB: Compressed tables use zlib 1.2.11
2019-10-15 13:57:21 0 [Note] InnoDB: Number of pools: 1
2019-10-15 13:57:21 0 [Note] InnoDB: Using SSE2 crc32 instructions
2019-10-15 13:57:21 0 [Note] InnoDB: Initializing buffer pool, total size = 16M, instances = 1, chunk size = 16M
2019-10-15 13:57:21 0 [Note] InnoDB: Completed initialization of buffer pool
2019-10-15 13:57:21 0 [Note] InnoDB: 128 out of 128 rollback segments are active.
2019-10-15 13:57:21 0 [Note] InnoDB: Creating shared tablespace for temporary tables
2019-10-15 13:57:21 0 [Note] InnoDB: Setting file 'C:\xampp\mysql\data\ibtmp1' size to 12 MB. Physically writing the file full; Please wait ...
2019-10-15 13:57:21 0 [Note] InnoDB: File 'C:\xampp\mysql\data\ibtmp1' size is now 12 MB.
2019-10-15 13:57:21 0 [Note] InnoDB: Waiting for purge to start
2019-10-15 13:57:21 0 [Note] InnoDB: 10.4.8 started; log sequence number 294606; transaction id 138
2019-10-15 13:57:21 0 [Note] InnoDB: Loading buffer pool(s) from C:\xampp\mysql\data\ib_buffer_pool
2019-10-15 13:57:21 0 [Note] Plugin 'FEEDBACK' is disabled.
2019-10-15 13:57:21 0 [Note] Server socket created on IP: '::'.
2019-10-15 14:22:09 0 [Note] mysqld.exe: Aria engine: starting recovery
recovered pages: 0% 30% 44% 100% (0.0 seconds); tables to flush: 1 0
 (0.0 seconds); 
2019-10-15 14:22:09 0 [Note] mysqld.exe: Aria engine: recovery done
InnoDB: using atomic writes.
2019-10-15 14:22:09 0 [Note] InnoDB: Mutexes and rw_locks use Windows interlocked functions
2019-10-15 14:22:09 0 [Note] InnoDB: Uses event mutexes
2019-10-15 14:22:09 0 [Note] InnoDB: Compressed tables use zlib 1.2.11
2019-10-15 14:22:09 0 [Note] InnoDB: Number of pools: 1
2019-10-15 14:22:09 0 [Note] InnoDB: Using SSE2 crc32 instructions
2019-10-15 14:22:09 0 [Note] InnoDB: Initializing buffer pool, total size = 16M, instances = 1, chunk size = 16M
2019-10-15 14:22:09 0 [Note] InnoDB: Completed initialization of buffer pool
2019-10-15 14:22:09 0 [Note] InnoDB: Starting crash recovery from checkpoint LSN=294606
2019-10-15 14:22:09 0 [Note] InnoDB: 128 out of 128 rollback segments are active.
2019-10-15 14:22:09 0 [Note] InnoDB: Removed temporary tablespace data file: "ibtmp1"
2019-10-15 14:22:09 0 [Note] InnoDB: Creating shared tablespace for temporary tables
2019-10-15 14:22:09 0 [Note] InnoDB: Setting file 'C:\xampp\mysql\data\ibtmp1' size to 12 MB. Physically writing the file full; Please wait ...
2019-10-15 14:22:09 0 [Note] InnoDB: File 'C:\xampp\mysql\data\ibtmp1' size is now 12 MB.
2019-10-15 14:22:09 0 [Note] InnoDB: Waiting for purge to start
2019-10-15 14:22:09 0 [Note] InnoDB: 10.4.8 started; log sequence number 294615; transaction id 138
2019-10-15 14:22:09 0 [Note] InnoDB: Loading buffer pool(s) from C:\xampp\mysql\data\ib_buffer_pool
2019-10-15 14:22:09 0 [Note] Plugin 'FEEDBACK' is disabled.
2019-10-15 14:22:09 0 [Note] Server socket created on IP: '::'.
InnoDB: using atomic writes.
2019-10-16  1:37:26 0 [Note] InnoDB: Mutexes and rw_locks use Windows interlocked functions
2019-10-16  1:37:26 0 [Note] InnoDB: Uses event mutexes
2019-10-16  1:37:26 0 [Note] InnoDB: Compressed tables use zlib 1.2.11
2019-10-16  1:37:26 0 [Note] InnoDB: Number of pools: 1
2019-10-16  1:37:26 0 [Note] InnoDB: Using SSE2 crc32 instructions
2019-10-16  1:37:26 0 [Note] InnoDB: Initializing buffer pool, total size = 16M, instances = 1, chunk size = 16M
2019-10-16  1:37:26 0 [Note] InnoDB: Completed initialization of buffer pool
2019-10-16  1:37:26 0 [Note] InnoDB: Starting crash recovery from checkpoint LSN=294624
2019-10-16  1:37:26 0 [Note] InnoDB: 128 out of 128 rollback segments are active.
2019-10-16  1:37:26 0 [Note] InnoDB: Removed temporary tablespace data file: "ibtmp1"
2019-10-16  1:37:26 0 [Note] InnoDB: Creating shared tablespace for temporary tables
2019-10-16  1:37:26 0 [Note] InnoDB: Setting file 'C:\xampp\mysql\data\ibtmp1' size to 12 MB. Physically writing the file full; Please wait ...
2019-10-16  1:37:26 0 [Note] InnoDB: File 'C:\xampp\mysql\data\ibtmp1' size is now 12 MB.
2019-10-16  1:37:26 0 [Note] InnoDB: Waiting for purge to start
2019-10-16  1:37:26 0 [Note] InnoDB: 10.4.8 started; log sequence number 294633; transaction id 138
2019-10-16  1:37:26 0 [Note] InnoDB: Loading buffer pool(s) from C:\xampp\mysql\data\ib_buffer_pool
2019-10-16  1:37:26 0 [Note] Plugin 'FEEDBACK' is disabled.
2019-10-16  1:37:26 0 [Note] Server socket created on IP: '::'.
InnoDB: using atomic writes.
2019-10-16 18:43:27 0 [Note] InnoDB: Mutexes and rw_locks use Windows interlocked functions
2019-10-16 18:43:27 0 [Note] InnoDB: Uses event mutexes
2019-10-16 18:43:27 0 [Note] InnoDB: Compressed tables use zlib 1.2.11
2019-10-16 18:43:27 0 [Note] InnoDB: Number of pools: 1
2019-10-16 18:43:27 0 [Note] InnoDB: Using SSE2 crc32 instructions
2019-10-16 18:43:27 0 [Note] InnoDB: Initializing buffer pool, total size = 16M, instances = 1, chunk size = 16M
2019-10-16 18:43:27 0 [Note] InnoDB: Completed initialization of buffer pool
2019-10-16 18:43:27 0 [Note] InnoDB: Starting crash recovery from checkpoint LSN=294642
2019-10-16 18:43:28 0 [Note] InnoDB: 128 out of 128 rollback segments are active.
2019-10-16 18:43:28 0 [Note] InnoDB: Removed temporary tablespace data file: "ibtmp1"
2019-10-16 18:43:28 0 [Note] InnoDB: Creating shared tablespace for temporary tables
2019-10-16 18:43:28 0 [Note] InnoDB: Setting file 'C:\xampp\mysql\data\ibtmp1' size to 12 MB. Physically writing the file full; Please wait ...
2019-10-16 18:43:28 0 [Note] InnoDB: File 'C:\xampp\mysql\data\ibtmp1' size is now 12 MB.
2019-10-16 18:43:28 0 [Note] InnoDB: Waiting for purge to start
2019-10-16 18:43:28 0 [Note] InnoDB: 10.4.8 started; log sequence number 294651; transaction id 138
2019-10-16 18:43:28 0 [Note] InnoDB: Loading buffer pool(s) from C:\xampp\mysql\data\ib_buffer_pool
2019-10-16 18:43:28 0 [Note] Plugin 'FEEDBACK' is disabled.
2019-10-16 18:43:28 0 [Note] Server socket created on IP: '::'.
InnoDB: using atomic writes.
2019-10-19 23:22:39 0 [Note] InnoDB: Mutexes and rw_locks use Windows interlocked functions
2019-10-19 23:22:39 0 [Note] InnoDB: Uses event mutexes
2019-10-19 23:22:39 0 [Note] InnoDB: Compressed tables use zlib 1.2.11
2019-10-19 23:22:39 0 [Note] InnoDB: Number of pools: 1
2019-10-19 23:22:39 0 [Note] InnoDB: Using SSE2 crc32 instructions
2019-10-19 23:22:39 0 [Note] InnoDB: Initializing buffer pool, total size = 16M, instances = 1, chunk size = 16M
2019-10-19 23:22:39 0 [Note] InnoDB: Completed initialization of buffer pool
2019-10-19 23:22:39 0 [Note] InnoDB: Starting crash recovery from checkpoint LSN=294660
2019-10-19 23:22:39 0 [Note] InnoDB: 128 out of 128 rollback segments are active.
2019-10-19 23:22:39 0 [Note] InnoDB: Removed temporary tablespace data file: "ibtmp1"
2019-10-19 23:22:39 0 [Note] InnoDB: Creating shared tablespace for temporary tables
2019-10-19 23:22:39 0 [Note] InnoDB: Setting file 'C:\xampp\mysql\data\ibtmp1' size to 12 MB. Physically writing the file full; Please wait ...
2019-10-19 23:22:39 0 [Note] InnoDB: File 'C:\xampp\mysql\data\ibtmp1' size is now 12 MB.
2019-10-19 23:22:39 0 [Note] InnoDB: Waiting for purge to start
2019-10-19 23:22:39 0 [Note] InnoDB: 10.4.8 started; log sequence number 294669; transaction id 138
2019-10-19 23:22:39 0 [Note] InnoDB: Loading buffer pool(s) from C:\xampp\mysql\data\ib_buffer_pool
2019-10-19 23:22:39 0 [Note] Plugin 'FEEDBACK' is disabled.
2019-10-19 23:22:39 0 [Note] Server socket created on IP: '::'.
InnoDB: using atomic writes.
2019-10-20 15:56:50 0 [Note] InnoDB: Mutexes and rw_locks use Windows interlocked functions
2019-10-20 15:56:50 0 [Note] InnoDB: Uses event mutexes
2019-10-20 15:56:50 0 [Note] InnoDB: Compressed tables use zlib 1.2.11
2019-10-20 15:56:50 0 [Note] InnoDB: Number of pools: 1
2019-10-20 15:56:50 0 [Note] InnoDB: Using SSE2 crc32 instructions
2019-10-20 15:56:50 0 [Note] InnoDB: Initializing buffer pool, total size = 16M, instances = 1, chunk size = 16M
2019-10-20 15:56:50 0 [Note] InnoDB: Completed initialization of buffer pool
2019-10-20 15:56:50 0 [Note] InnoDB: Starting crash recovery from checkpoint LSN=311973
2019-10-20 15:56:50 0 [Note] InnoDB: 128 out of 128 rollback segments are active.
2019-10-20 15:56:50 0 [Note] InnoDB: Removed temporary tablespace data file: "ibtmp1"
2019-10-20 15:56:50 0 [Note] InnoDB: Creating shared tablespace for temporary tables
2019-10-20 15:56:50 0 [Note] InnoDB: Setting file 'C:\xampp\mysql\data\ibtmp1' size to 12 MB. Physically writing the file full; Please wait ...
2019-10-20 15:56:50 0 [Note] InnoDB: File 'C:\xampp\mysql\data\ibtmp1' size is now 12 MB.
2019-10-20 15:56:50 0 [Note] InnoDB: Waiting for purge to start
2019-10-20 15:56:50 0 [Note] InnoDB: 10.4.8 started; log sequence number 311982; transaction id 173
2019-10-20 15:56:50 0 [Note] InnoDB: Loading buffer pool(s) from C:\xampp\mysql\data\ib_buffer_pool
2019-10-20 15:56:50 0 [Note] Plugin 'FEEDBACK' is disabled.
2019-10-20 15:56:50 0 [Note] Server socket created on IP: '::'.
InnoDB: using atomic writes.
2019-10-21 21:32:59 0 [Note] InnoDB: Mutexes and rw_locks use Windows interlocked functions
2019-10-21 21:32:59 0 [Note] InnoDB: Uses event mutexes
2019-10-21 21:32:59 0 [Note] InnoDB: Compressed tables use zlib 1.2.11
2019-10-21 21:32:59 0 [Note] InnoDB: Number of pools: 1
2019-10-21 21:32:59 0 [Note] InnoDB: Using SSE2 crc32 instructions
2019-10-21 21:32:59 0 [Note] InnoDB: Initializing buffer pool, total size = 16M, instances = 1, chunk size = 16M
2019-10-21 21:32:59 0 [Note] InnoDB: Completed initialization of buffer pool
2019-10-21 21:32:59 0 [Note] InnoDB: Starting crash recovery from checkpoint LSN=405626
2019-10-21 21:32:59 0 [Note] InnoDB: 128 out of 128 rollback segments are active.
2019-10-21 21:32:59 0 [Note] InnoDB: Removed temporary tablespace data file: "ibtmp1"
2019-10-21 21:32:59 0 [Note] InnoDB: Creating shared tablespace for temporary tables
2019-10-21 21:32:59 0 [Note] InnoDB: Setting file 'C:\xampp\mysql\data\ibtmp1' size to 12 MB. Physically writing the file full; Please wait ...
2019-10-21 21:32:59 0 [Note] InnoDB: File 'C:\xampp\mysql\data\ibtmp1' size is now 12 MB.
2019-10-21 21:32:59 0 [Note] InnoDB: Waiting for purge to start
2019-10-21 21:32:59 0 [Note] InnoDB: 10.4.8 started; log sequence number 405635; transaction id 341
2019-10-21 21:32:59 0 [Note] Plugin 'FEEDBACK' is disabled.
2019-10-21 21:32:59 0 [Note] InnoDB: Loading buffer pool(s) from C:\xampp\mysql\data\ib_buffer_pool
2019-10-21 21:32:59 0 [Note] Server socket created on IP: '::'.
InnoDB: using atomic writes.
2019-10-22 20:15:12 0 [Note] InnoDB: Mutexes and rw_locks use Windows interlocked functions
2019-10-22 20:15:12 0 [Note] InnoDB: Uses event mutexes
2019-10-22 20:15:12 0 [Note] InnoDB: Compressed tables use zlib 1.2.11
2019-10-22 20:15:12 0 [Note] InnoDB: Number of pools: 1
2019-10-22 20:15:12 0 [Note] InnoDB: Using SSE2 crc32 instructions
2019-10-22 20:15:12 0 [Note] InnoDB: Initializing buffer pool, total size = 16M, instances = 1, chunk size = 16M
2019-10-22 20:15:12 0 [Note] InnoDB: Completed initialization of buffer pool
2019-10-22 20:15:13 0 [Note] InnoDB: Starting crash recovery from checkpoint LSN=405644
2019-10-22 20:15:13 0 [Note] InnoDB: 128 out of 128 rollback segments are active.
2019-10-22 20:15:13 0 [Note] InnoDB: Removed temporary tablespace data file: "ibtmp1"
2019-10-22 20:15:13 0 [Note] InnoDB: Creating shared tablespace for temporary tables
2019-10-22 20:15:13 0 [Note] InnoDB: Setting file 'C:\xampp\mysql\data\ibtmp1' size to 12 MB. Physically writing the file full; Please wait ...
2019-10-22 20:15:13 0 [Note] InnoDB: File 'C:\xampp\mysql\data\ibtmp1' size is now 12 MB.
2019-10-22 20:15:13 0 [Note] InnoDB: Waiting for purge to start
2019-10-22 20:15:13 0 [Note] InnoDB: 10.4.8 started; log sequence number 405653; transaction id 341
2019-10-22 20:15:13 0 [Note] InnoDB: Loading buffer pool(s) from C:\xampp\mysql\data\ib_buffer_pool
2019-10-22 20:15:13 0 [Note] Plugin 'FEEDBACK' is disabled.
2019-10-22 20:15:13 0 [Note] Server socket created on IP: '::'.
InnoDB: using atomic writes.
2019-10-23 16:46:12 0 [Note] InnoDB: Mutexes and rw_locks use Windows interlocked functions
2019-10-23 16:46:12 0 [Note] InnoDB: Uses event mutexes
2019-10-23 16:46:12 0 [Note] InnoDB: Compressed tables use zlib 1.2.11
2019-10-23 16:46:12 0 [Note] InnoDB: Number of pools: 1
2019-10-23 16:46:12 0 [Note] InnoDB: Using SSE2 crc32 instructions
2019-10-23 16:46:12 0 [Note] InnoDB: Initializing buffer pool, total size = 16M, instances = 1, chunk size = 16M
2019-10-23 16:46:12 0 [Note] InnoDB: Completed initialization of buffer pool
2019-10-23 16:46:12 0 [Note] InnoDB: Starting crash recovery from checkpoint LSN=406083
2019-10-23 16:46:12 0 [Note] InnoDB: 128 out of 128 rollback segments are active.
2019-10-23 16:46:12 0 [Note] InnoDB: Removed temporary tablespace data file: "ibtmp1"
2019-10-23 16:46:12 0 [Note] InnoDB: Creating shared tablespace for temporary tables
2019-10-23 16:46:12 0 [Note] InnoDB: Setting file 'C:\xampp\mysql\data\ibtmp1' size to 12 MB. Physically writing the file full; Please wait ...
2019-10-23 16:46:12 0 [Note] InnoDB: File 'C:\xampp\mysql\data\ibtmp1' size is now 12 MB.
2019-10-23 16:46:12 0 [Note] InnoDB: Waiting for purge to start
2019-10-23 16:46:12 0 [Note] InnoDB: 10.4.8 started; log sequence number 406092; transaction id 341
2019-10-23 16:46:12 0 [Note] InnoDB: Loading buffer pool(s) from C:\xampp\mysql\data\ib_buffer_pool
2019-10-23 16:46:12 0 [Note] Plugin 'FEEDBACK' is disabled.
2019-10-23 16:46:12 0 [Note] Server socket created on IP: '::'.
InnoDB: using atomic writes.
2019-10-23 18:55:14 0 [Note] InnoDB: Mutexes and rw_locks use Windows interlocked functions
2019-10-23 18:55:14 0 [Note] InnoDB: Uses event mutexes
2019-10-23 18:55:14 0 [Note] InnoDB: Compressed tables use zlib 1.2.11
2019-10-23 18:55:14 0 [Note] InnoDB: Number of pools: 1
2019-10-23 18:55:14 0 [Note] InnoDB: Using SSE2 crc32 instructions
2019-10-23 18:55:14 0 [Note] InnoDB: Initializing buffer pool, total size = 16M, instances = 1, chunk size = 16M
2019-10-23 18:55:14 0 [Note] InnoDB: Completed initialization of buffer pool
2019-10-23 18:55:14 0 [Note] InnoDB: Starting crash recovery from checkpoint LSN=406101
2019-10-23 18:55:14 0 [Note] InnoDB: 128 out of 128 rollback segments are active.
2019-10-23 18:55:14 0 [Note] InnoDB: Removed temporary tablespace data file: "ibtmp1"
2019-10-23 18:55:14 0 [Note] InnoDB: Creating shared tablespace for temporary tables
2019-10-23 18:55:14 0 [Note] InnoDB: Setting file 'C:\xampp\mysql\data\ibtmp1' size to 12 MB. Physically writing the file full; Please wait ...
2019-10-23 18:55:14 0 [Note] InnoDB: File 'C:\xampp\mysql\data\ibtmp1' size is now 12 MB.
2019-10-23 18:55:14 0 [Note] InnoDB: Waiting for purge to start
2019-10-23 18:55:14 0 [Note] InnoDB: 10.4.8 started; log sequence number 406110; transaction id 341
2019-10-23 18:55:14 0 [Note] InnoDB: Loading buffer pool(s) from C:\xampp\mysql\data\ib_buffer_pool
2019-10-23 18:55:14 0 [Note] Plugin 'FEEDBACK' is disabled.
2019-10-23 18:55:14 0 [Note] Server socket created on IP: '::'.
